<?xml version="1.0" encoding="UTF-8"?>
<testng-results total="2" passed="2" failed="0" skipped="0">
  <reporter-output>
  </reporter-output>
  <suite started-at="2024-03-19T08:52:04Z" name="Default suite" finished-at="2024-03-19T08:52:05Z" duration-ms="173">
    <groups>
    </groups>
    <test started-at="2024-03-19T08:52:04Z" name="Default test" finished-at="2024-03-19T08:52:05Z" duration-ms="173">
      <class name="practise.Practise1">
        <test-method is-config="true" signature="beforeSuite()[pri:0, instance:practise.Practise1@66ea810]" started-at="2024-03-19T14:22:04Z" name="beforeSuite" finished-at="2024-03-19T14:22:04Z" duration-ms="33" status="PASS">
          <reporter-output>
          </reporter-output>
        </test-method> <!-- beforeSuite -->
        <test-method is-config="true" signature="beforeTest()[pri:0, instance:practise.Practise1@66ea810]" started-at="2024-03-19T14:22:04Z" name="beforeTest" finished-at="2024-03-19T14:22:04Z" duration-ms="2" status="PASS">
          <reporter-output>
          </reporter-output>
        </test-method> <!-- beforeTest -->
        <test-method is-config="true" signature="beforeClass()[pri:0, instance:practise.Practise1@66ea810]" started-at="2024-03-19T14:22:04Z" name="beforeClass" finished-at="2024-03-19T14:22:04Z" duration-ms="1" status="PASS">
          <reporter-output>
          </reporter-output>
        </test-method> <!-- beforeClass -->
        <test-method is-config="true" signature="beforeMethod()[pri:0, instance:practise.Practise1@66ea810]" started-at="2024-03-19T14:22:04Z" name="beforeMethod" finished-at="2024-03-19T14:22:04Z" duration-ms="1" status="PASS">
          <reporter-output>
          </reporter-output>
        </test-method> <!-- beforeMethod -->
        <test-method signature="tC1()[pri:0, instance:practise.Practise1@66ea810]" started-at="2024-03-19T14:22:04Z" name="tC1" finished-at="2024-03-19T14:22:04Z" duration-ms="32" status="PASS">
          <reporter-output>
          </reporter-output>
        </test-method> <!-- tC1 -->
        <test-method is-config="true" signature="afterMethod()[pri:0, instance:practise.Practise1@66ea810]" started-at="2024-03-19T14:22:04Z" name="afterMethod" finished-at="2024-03-19T14:22:04Z" duration-ms="2" status="PASS">
          <reporter-output>
          </reporter-output>
        </test-method> <!-- afterMethod -->
        <test-method is-config="true" signature="beforeMethod()[pri:0, instance:practise.Practise1@66ea810]" started-at="2024-03-19T14:22:04Z" name="beforeMethod" finished-at="2024-03-19T14:22:04Z" duration-ms="2" status="PASS">
          <reporter-output>
          </reporter-output>
        </test-method> <!-- beforeMethod -->
        <test-method signature="tC2()[pri:0, instance:practise.Practise1@66ea810]" started-at="2024-03-19T14:22:04Z" name="tC2" finished-at="2024-03-19T14:22:04Z" duration-ms="30" status="PASS">
          <reporter-output>
          </reporter-output>
        </test-method> <!-- tC2 -->
        <test-method is-config="true" signature="afterMethod()[pri:0, instance:practise.Practise1@66ea810]" started-at="2024-03-19T14:22:04Z" name="afterMethod" finished-at="2024-03-19T14:22:04Z" duration-ms="5" status="PASS">
          <reporter-output>
          </reporter-output>
        </test-method> <!-- afterMethod -->
        <test-method is-config="true" signature="afterClass()[pri:0, instance:practise.Practise1@66ea810]" started-at="2024-03-19T14:22:04Z" name="afterClass" finished-at="2024-03-19T14:22:04Z" duration-ms="0" status="PASS">
          <reporter-output>
          </reporter-output>
        </test-method> <!-- afterClass -->
        <test-method is-config="true" signature="afterTest()[pri:0, instance:practise.Practise1@66ea810]" started-at="2024-03-19T14:22:04Z" name="afterTest" finished-at="2024-03-19T14:22:04Z" duration-ms="3" status="PASS">
          <reporter-output>
          </reporter-output>
        </test-method> <!-- afterTest -->
        <test-method is-config="true" signature="afterSuite()[pri:0, instance:practise.Practise1@66ea810]" started-at="2024-03-19T14:22:05Z" name="afterSuite" finished-at="2024-03-19T14:22:05Z" duration-ms="3" status="PASS">
          <reporter-output>
          </reporter-output>
        </test-method> <!-- afterSuite -->
      </class> <!-- practise.Practise1 -->
    </test> <!-- Default test -->
  </suite> <!-- Default suite -->
</testng-results>
